digraph Tree {
node [shape=box, style="filled, rounded", color="black", fontname=helvetica] ;
edge [fontname=helvetica] ;
0 [label=<petal length (cm) &le; 2.45<br/>gini = 0.6614<br/>samples = 100<br/>value = [39, 29, 32]<br/>class = setosa>, fillcolor="#e581391a"] ;
1 [label=<gini = 0.0<br/>samples = 39<br/>value = [39, 0, 0]<br/>class = setosa>, fillcolor="#e58139ff"] ;
0 -> 1 [labeldistance=2.5, labelangle=45, headlabel="True"] ;
2 [label=<petal width (cm) &le; 1.65<br/>gini = 0.4988<br/>samples = 61<br/>value = [0, 29, 32]<br/>class = virginica>, fillcolor="#8139e518"] ;
0 -> 2 [labeldistance=2.5, labelangle=-45, headlabel="False"] ;
3 [label=<petal length (cm) &le; 5.25<br/>gini = 0.0666<br/>samples = 29<br/>value = [0, 28, 1]<br/>class = versicolor>, fillcolor="#39e581f6"] ;
2 -> 3 ;
4 [label=<gini = 0.0<br/>samples = 28<br/>value = [0, 28, 0]<br/>class = versicolor>, fillcolor="#39e581ff"] ;
3 -> 4 ;
5 [label=<gini = 0.0<br/>samples = 1<br/>value = [0, 0, 1]<br/>class = virginica>, fillcolor="#8139e5ff"] ;
3 -> 5 ;
6 [label=<petal length (cm) &le; 4.85<br/>gini = 0.0605<br/>samples = 32<br/>value = [0, 1, 31]<br/>class = virginica>, fillcolor="#8139e5f7"] ;
2 -> 6 ;
7 [label=<sepal width (cm) &le; 3.1<br/>gini = 0.4444<br/>samples = 3<br/>value = [0, 1, 2]<br/>class = virginica>, fillcolor="#8139e57f"] ;
6 -> 7 ;
8 [label=<gini = 0.0<br/>samples = 2<br/>value = [0, 0, 2]<br/>class = virginica>, fillcolor="#8139e5ff"] ;
7 -> 8 ;
9 [label=<gini = 0.0<br/>samples = 1<br/>value = [0, 1, 0]<br/>class = versicolor>, fillcolor="#39e581ff"] ;
7 -> 9 ;
10 [label=<gini = 0.0<br/>samples = 29<br/>value = [0, 0, 29]<br/>class = virginica>, fillcolor="#8139e5ff"] ;
6 -> 10 ;
}