digraph Tree {
node [shape=box, style="filled, rounded", color="black", fontname=helvetica] ;
edge [fontname=helvetica] ;
0 [label=<petal width (cm) &le; 0.8<br/>gini = 0.6654<br/>samples = 120<br/>value = [43, 37, 40]<br/>class = setosa>, fillcolor="#e581390a"] ;
1 [label=<gini = 0.0<br/>samples = 43<br/>value = [43, 0, 0]<br/>class = setosa>, fillcolor="#e58139ff"] ;
0 -> 1 [labeldistance=2.5, labelangle=45, headlabel="True"] ;
2 [label=<petal width (cm) &le; 1.65<br/>gini = 0.4992<br/>samples = 77<br/>value = [0, 37, 40]<br/>class = virginica>, fillcolor="#8139e513"] ;
0 -> 2 [labeldistance=2.5, labelangle=-45, headlabel="False"] ;
3 [label=<petal length (cm) &le; 4.95<br/>gini = 0.142<br/>samples = 39<br/>value = [0, 36, 3]<br/>class = versicolor>, fillcolor="#39e581ea"] ;
2 -> 3 ;
4 [label=<gini = 0.0<br/>samples = 36<br/>value = [0, 36, 0]<br/>class = versicolor>, fillcolor="#39e581ff"] ;
3 -> 4 ;
5 [label=<gini = 0.0<br/>samples = 3<br/>value = [0, 0, 3]<br/>class = virginica>, fillcolor="#8139e5ff"] ;
3 -> 5 ;
6 [label=<petal length (cm) &le; 4.85<br/>gini = 0.0512<br/>samples = 38<br/>value = [0, 1, 37]<br/>class = virginica>, fillcolor="#8139e5f8"] ;
2 -> 6 ;
7 [label=<sepal width (cm) &le; 3.1<br/>gini = 0.4444<br/>samples = 3<br/>value = [0, 1, 2]<br/>class = virginica>, fillcolor="#8139e57f"] ;
6 -> 7 ;
8 [label=<gini = 0.0<br/>samples = 2<br/>value = [0, 0, 2]<br/>class = virginica>, fillcolor="#8139e5ff"] ;
7 -> 8 ;
9 [label=<gini = 0.0<br/>samples = 1<br/>value = [0, 1, 0]<br/>class = versicolor>, fillcolor="#39e581ff"] ;
7 -> 9 ;
10 [label=<gini = 0.0<br/>samples = 35<br/>value = [0, 0, 35]<br/>class = virginica>, fillcolor="#8139e5ff"] ;
6 -> 10 ;
}