digraph Tree {
node [shape=box, style="filled, rounded", color="black", fontname=helvetica] ;
edge [fontname=helvetica] ;
0 [label="Account Balance <= 2.5\ngini = 0.42\nsamples = 1000\nvalue = [300, 700]", fillcolor="#399de592"] ;
1 [label="Duration of Credit (month) <= 22.5\ngini = 0.4933\nsamples = 543\nvalue = [240, 303]", fillcolor="#399de535"] ;
0 -> 1 [labeldistance=2.5, labelangle=45, headlabel="True"] ;
2 [label="Payment Status of Previous Credit <= 1.5\ngini = 0.4528\nsamples = 306\nvalue = [106, 200]", fillcolor="#399de578"] ;
1 -> 2 ;
3 [label="Purpose <= 7.0\ngini = 0.375\nsamples = 28\nvalue = [21, 7]", fillcolor="#e58139aa"] ;
2 -> 3 ;
4 [label="gini = 0.2688\nsamples = 25\nvalue = [21, 4]", fillcolor="#e58139ce"] ;
3 -> 4 ;
5 [label="gini = 0.0\nsamples = 3\nvalue = [0, 3]", fillcolor="#399de5ff"] ;
3 -> 5 ;
6 [label="Credit Amount <= 7491.5\ngini = 0.4245\nsamples = 278\nvalue = [85, 193]", fillcolor="#399de58f"] ;
2 -> 6 ;
7 [label="gini = 0.4131\nsamples = 271\nvalue = [79, 192]", fillcolor="#399de596"] ;
6 -> 7 ;
8 [label="gini = 0.2449\nsamples = 7\nvalue = [6, 1]", fillcolor="#e58139d4"] ;
6 -> 8 ;
9 [label="Value Savings/Stocks <= 3.5\ngini = 0.4914\nsamples = 237\nvalue = [134, 103]", fillcolor="#e581393b"] ;
1 -> 9 ;
10 [label="Duration of Credit (month) <= 47.5\ngini = 0.47\nsamples = 196\nvalue = [122, 74]", fillcolor="#e5813964"] ;
9 -> 10 ;
11 [label="gini = 0.4905\nsamples = 160\nvalue = [91, 69]", fillcolor="#e581393e"] ;
10 -> 11 ;
12 [label="gini = 0.2392\nsamples = 36\nvalue = [31, 5]", fillcolor="#e58139d6"] ;
10 -> 12 ;
13 [label="Account Balance <= 1.5\ngini = 0.414\nsamples = 41\nvalue = [12, 29]", fillcolor="#399de595"] ;
9 -> 13 ;
14 [label="gini = 0.4844\nsamples = 17\nvalue = [10, 7]", fillcolor="#e581394d"] ;
13 -> 14 ;
15 [label="gini = 0.1528\nsamples = 24\nvalue = [2, 22]", fillcolor="#399de5e8"] ;
13 -> 15 ;
16 [label="Length of current employment <= 3.5\ngini = 0.2281\nsamples = 457\nvalue = [60, 397]", fillcolor="#399de5d8"] ;
0 -> 16 [labeldistance=2.5, labelangle=-45, headlabel="False"] ;
17 [label="Credit Amount <= 4158.0\ngini = 0.2966\nsamples = 243\nvalue = [44, 199]", fillcolor="#399de5c7"] ;
16 -> 17 ;
18 [label="Guarantors <= 1.5\ngini = 0.2235\nsamples = 195\nvalue = [25, 170]", fillcolor="#399de5da"] ;
17 -> 18 ;
19 [label="gini = 0.1956\nsamples = 182\nvalue = [20, 162]", fillcolor="#399de5e0"] ;
18 -> 19 ;
20 [label="gini = 0.4734\nsamples = 13\nvalue = [5, 8]", fillcolor="#399de560"] ;
18 -> 20 ;
21 [label="Credit Amount <= 9569.0\ngini = 0.4783\nsamples = 48\nvalue = [19, 29]", fillcolor="#399de558"] ;
17 -> 21 ;
22 [label="gini = 0.4543\nsamples = 43\nvalue = [15, 28]", fillcolor="#399de576"] ;
21 -> 22 ;
23 [label="gini = 0.32\nsamples = 5\nvalue = [4, 1]", fillcolor="#e58139bf"] ;
21 -> 23 ;
24 [label="No of dependents <= 1.5\ngini = 0.1384\nsamples = 214\nvalue = [16, 198]", fillcolor="#399de5ea"] ;
16 -> 24 ;
25 [label="Age (years) <= 22.5\ngini = 0.0887\nsamples = 172\nvalue = [8, 164]", fillcolor="#399de5f3"] ;
24 -> 25 ;
26 [label="gini = 0.4082\nsamples = 7\nvalue = [2, 5]", fillcolor="#399de599"] ;
25 -> 26 ;
27 [label="gini = 0.0701\nsamples = 165\nvalue = [6, 159]", fillcolor="#399de5f5"] ;
25 -> 27 ;
28 [label="Credit Amount <= 1270.0\ngini = 0.3084\nsamples = 42\nvalue = [8, 34]", fillcolor="#399de5c3"] ;
24 -> 28 ;
29 [label="gini = 0.4444\nsamples = 6\nvalue = [4, 2]", fillcolor="#e581397f"] ;
28 -> 29 ;
30 [label="gini = 0.1975\nsamples = 36\nvalue = [4, 32]", fillcolor="#399de5df"] ;
28 -> 30 ;
}